<?xml version="1.0" encoding="UTF-8"?>
<!-- Generated by org.testng.reporters.JUnitReportReporter -->
<testsuite hostname="DESKTOP-TTAOBFJ" failures="0" tests="1" name="pruebas.CheckLinks" time="196.054" errors="0" timestamp="2020-12-11T16:43:21 CLST" skipped="0">
  <testcase classname="pruebas.CheckLinks" name="check" time="196.054"/>
  <system-out/>
</testsuite> <!-- pruebas.CheckLinks -->
